<?xml version="1.0" encoding="utf-8"?><testsuites name="pytest tests"><testsuite name="pytest" errors="0" failures="0" skipped="0" tests="16" time="22.219" timestamp="2026-03-20T01:37:35.642345+00:00" hostname="agent-env-e44be439-cf34-4b48-80cd-3375287b8bc7"><testcase classname="backend.tests.test_data_isolation.TestEventIsolation" name="test_get_events_returns_only_own_events" time="2.879" /><testcase classname="backend.tests.test_data_isolation.TestEventIsolation" name="test_update_event_access_denied_for_other_user" time="1.207" /><testcase classname="backend.tests.test_data_isolation.TestEventIsolation" name="test_delete_event_access_denied_for_other_user" time="1.847" /><testcase classname="backend.tests.test_data_isolation.TestEventIsolation" name="test_add_observation_access_denied_for_other_user" time="1.225" /><testcase classname="backend.tests.test_data_isolation.TestAlertIsolation" name="test_get_alerts_returns_only_own_alerts" time="1.230" /><testcase classname="backend.tests.test_data_isolation.TestAlertIsolation" name="test_mark_alert_read_returns_404_for_other_user" time="1.252" /><testcase classname="backend.tests.test_data_isolation.TestAlertIsolation" name="test_dismiss_alert_returns_404_for_other_user" time="0.790" /><testcase classname="backend.tests.test_data_isolation.TestAlertIsolation" name="test_mark_all_read_only_affects_own_alerts" time="1.248" /><testcase classname="backend.tests.test_data_isolation.TestDocumentIsolation" name="test_get_documents_returns_only_own_documents" time="2.083" /><testcase classname="backend.tests.test_data_isolation.TestDocumentIsolation" name="test_get_document_by_id_returns_403_for_other_user" time="1.238" /><testcase classname="backend.tests.test_data_isolation.TestDocumentIsolation" name="test_update_document_returns_403_for_other_user" time="1.718" /><testcase classname="backend.tests.test_data_isolation.TestDocumentIsolation" name="test_delete_document_returns_403_for_other_user" time="1.644" /><testcase classname="backend.tests.test_data_isolation.TestPreferenceIsolation" name="test_get_preferences_returns_own_user_id" time="0.412" /><testcase classname="backend.tests.test_data_isolation.TestPreferenceIsolation" name="test_update_preferences_only_updates_own" time="1.634" /><testcase classname="backend.tests.test_data_isolation.TestUnauthenticatedAccess" name="test_unauthenticated_events_returns_default_user_events_only" time="1.255" /><testcase classname="backend.tests.test_data_isolation.TestUnauthenticatedAccess" name="test_unauthenticated_preferences_returns_default_user" time="0.412" /></testsuite></testsuites>