<?xml version="1.0" encoding="utf-8"?><testsuites name="pytest tests"><testsuite name="pytest" errors="0" failures="1" skipped="0" tests="8" time="6.958" timestamp="2026-02-22T05:21:31.104430+00:00" hostname="agent-env-b3ddb195-aa89-4bd4-a1de-18bc12b66c83"><testcase classname="tests.test_sprint_technique.TestEventEndTimeFeature" name="test_list_events_month_has_endtime" time="0.570" /><testcase classname="tests.test_sprint_technique.TestEventEndTimeFeature" name="test_event_time_range_display_data" time="0.521" /><testcase classname="tests.test_sprint_technique.TestEventEndTimeFeature" name="test_create_event_with_endtime" time="1.261" /><testcase classname="tests.test_sprint_technique.TestEventEndTimeFeature" name="test_update_event_endtime" time="1.286" /><testcase classname="tests.test_sprint_technique.TestTournamentRegistration" name="test_get_tournaments" time="0.655" /><testcase classname="tests.test_sprint_technique.TestTournamentRegistration" name="test_tournament_registration_status_update" time="0.920"><failure message="AssertionError: Registration failed: 404&#10;assert 404 in [200, 201]&#10; +  where 404 = &lt;Response [404]&gt;.status_code">tests/test_sprint_technique.py:187: in test_tournament_registration_status_update
    assert response.status_code in [200, 201], f"Registration failed: {response.status_code}"
E   AssertionError: Registration failed: 404
E   assert 404 in [200, 201]
E    +  where 404 = &lt;Response [404]&gt;.status_code</failure></testcase><testcase classname="tests.test_sprint_technique.TestObservationsFeature" name="test_add_observation_to_event" time="0.822" /><testcase classname="tests.test_sprint_technique.TestObservationsFeature" name="test_add_observation_with_parentid" time="0.832" /></testsuite></testsuites>