<?xml version="1.0" encoding="utf-8"?><testsuites name="pytest tests"><testsuite name="pytest" errors="0" failures="0" skipped="0" tests="8" time="5.871" timestamp="2026-02-22T05:57:37.502520+00:00" hostname="agent-env-b3ddb195-aa89-4bd4-a1de-18bc12b66c83"><testcase classname="tests.test_sprint3_observations.TestObservationsAPI" name="test_add_observation_with_author_name" time="1.055" /><testcase classname="tests.test_sprint3_observations.TestObservationsAPI" name="test_observation_persisted_in_event" time="0.725" /><testcase classname="tests.test_sprint3_observations.TestObservationsAPI" name="test_observation_supports_parentId_for_replies" time="0.722" /><testcase classname="tests.test_sprint3_observations.TestObservationsAPI" name="test_observation_not_found_event" time="0.369" /><testcase classname="tests.test_sprint3_observations.TestBug1AuthorNameFlow" name="test_different_authors_stored_correctly" time="1.139" /><testcase classname="tests.test_sprint3_observations.TestBug2SendStatusWorkflow" name="test_observation_created_immediately" time="0.358" /><testcase classname="tests.test_sprint3_observations.TestEventAPI" name="test_create_event_with_endTime" time="0.719" /><testcase classname="tests.test_sprint3_observations.TestEventAPI" name="test_api_health" time="0.727" /></testsuite></testsuites>