<?xml version="1.0" encoding="utf-8"?><testsuites name="pytest tests"><testsuite name="pytest" errors="0" failures="0" skipped="0" tests="7" time="9.458" timestamp="2026-02-22T05:37:03.639034+00:00" hostname="agent-env-b3ddb195-aa89-4bd4-a1de-18bc12b66c83"><testcase classname="tests.test_bug_fixes_iteration23.TestDocumentAPIDateFacture" name="test_create_document_with_date_facture" time="1.151" /><testcase classname="tests.test_bug_fixes_iteration23.TestDocumentAPIDateFacture" name="test_create_document_future_date" time="0.855" /><testcase classname="tests.test_bug_fixes_iteration23.TestDocumentAPIDateFacture" name="test_get_document_verifies_date_persisted" time="1.250" /><testcase classname="tests.test_bug_fixes_iteration23.TestDocumentAPIDateFacture" name="test_update_document_date" time="1.618" /><testcase classname="tests.test_bug_fixes_iteration23.TestDocumentAPIDateFacture" name="test_list_documents_filters_by_date" time="3.462" /><testcase classname="tests.test_bug_fixes_iteration23.TestHealthCheck" name="test_api_health" time="0.665" /><testcase classname="tests.test_bug_fixes_iteration23.TestHealthCheck" name="test_documents_categories" time="0.400" /></testsuite></testsuites>