<?xml version="1.0" encoding="utf-8"?><testsuites name="pytest tests"><testsuite name="pytest" errors="0" failures="0" skipped="0" tests="8" time="6.982" timestamp="2026-02-22T05:22:16.207041+00:00" hostname="agent-env-b3ddb195-aa89-4bd4-a1de-18bc12b66c83"><testcase classname="tests.test_sprint_technique.TestEventEndTimeFeature" name="test_list_events_month_has_endtime" time="0.538" /><testcase classname="tests.test_sprint_technique.TestEventEndTimeFeature" name="test_event_time_range_display_data" time="0.493" /><testcase classname="tests.test_sprint_technique.TestEventEndTimeFeature" name="test_create_event_with_endtime" time="1.194" /><testcase classname="tests.test_sprint_technique.TestEventEndTimeFeature" name="test_update_event_endtime" time="1.215" /><testcase classname="tests.test_sprint_technique.TestTournamentRegistration" name="test_get_tournaments" time="0.546" /><testcase classname="tests.test_sprint_technique.TestTournamentRegistration" name="test_tournament_registration_status_update" time="1.353" /><testcase classname="tests.test_sprint_technique.TestObservationsFeature" name="test_add_observation_to_event" time="0.808" /><testcase classname="tests.test_sprint_technique.TestObservationsFeature" name="test_add_observation_with_parentid" time="0.775" /></testsuite></testsuites>