<?xml version="1.0" encoding="utf-8"?><testsuites name="pytest tests"><testsuite name="pytest" errors="0" failures="0" skipped="0" tests="21" time="24.000" timestamp="2026-02-22T04:23:46.327384+00:00" hostname="agent-env-b3ddb195-aa89-4bd4-a1de-18bc12b66c83"><testcase classname="backend.tests.test_sprint3_events.TestEventsCRUD" name="test_create_event_basic" time="0.564" /><testcase classname="backend.tests.test_sprint3_events.TestEventsCRUD" name="test_get_event_by_id" time="0.933" /><testcase classname="backend.tests.test_sprint3_events.TestEventsCRUD" name="test_list_events_by_month" time="0.828" /><testcase classname="backend.tests.test_sprint3_events.TestEventsCRUD" name="test_update_event" time="1.257" /><testcase classname="backend.tests.test_sprint3_events.TestEventsCRUD" name="test_delete_event" time="1.245" /><testcase classname="backend.tests.test_sprint3_events.TestEventsCRUD" name="test_get_nonexistent_event" time="0.411" /><testcase classname="backend.tests.test_sprint3_events.TestFeature1Observations" name="test_add_observation_basic" time="0.828" /><testcase classname="backend.tests.test_sprint3_events.TestFeature1Observations" name="test_add_observation_with_parentId" time="1.667" /><testcase classname="backend.tests.test_sprint3_events.TestFeature1Observations" name="test_add_observation_with_null_parentId" time="0.826" /><testcase classname="backend.tests.test_sprint3_events.TestFeature1Observations" name="test_add_observation_to_nonexistent_event" time="0.415" /><testcase classname="backend.tests.test_sprint3_events.TestFeature2StaffNotification" name="test_update_event_with_notify_staff" time="0.783" /><testcase classname="backend.tests.test_sprint3_events.TestFeature2StaffNotification" name="test_update_event_with_pending_validation" time="1.242" /><testcase classname="backend.tests.test_sprint3_events.TestFeature2StaffNotification" name="test_update_event_clear_pending_validation" time="1.231" /><testcase classname="backend.tests.test_sprint3_events.TestFeature3EndTime" name="test_create_event_with_endTime" time="0.802" /><testcase classname="backend.tests.test_sprint3_events.TestFeature3EndTime" name="test_update_event_with_endTime" time="1.203" /><testcase classname="backend.tests.test_sprint3_events.TestFeature3EndTime" name="test_create_event_with_time_range" time="0.392" /><testcase classname="backend.tests.test_sprint3_events.TestFeature3EndTime" name="test_update_event_time_and_endTime_together" time="0.799" /><testcase classname="backend.tests.test_sprint3_events.TestEdgeCases" name="test_update_nonexistent_event" time="0.408" /><testcase classname="backend.tests.test_sprint3_events.TestEdgeCases" name="test_delete_nonexistent_event" time="0.420" /><testcase classname="backend.tests.test_sprint3_events.TestEdgeCases" name="test_update_with_empty_body" time="0.799" /><testcase classname="backend.tests.test_sprint3_events.TestEdgeCases" name="test_list_events_no_filter" time="6.852" /></testsuite></testsuites>